<?xml version="1.0" encoding="UTF-8"?>
<testng-results ignored="0" total="1" passed="1" failed="0" skipped="0">
  <reporter-output>
  </reporter-output>
  <suite started-at="2025-09-16T21:15:56 IST" name="Default suite" finished-at="2025-09-16T21:16:04 IST" duration-ms="8172">
    <groups>
    </groups>
    <test started-at="2025-09-16T21:15:56 IST" name="Default test" finished-at="2025-09-16T21:16:04 IST" duration-ms="8172">
      <class name="testCases.TC001_AccountRegistrationTest">
        <test-method is-config="true" signature="setup()[pri:0, instance:testCases.TC001_AccountRegistrationTest@5aa9e4eb]" started-at="2025-09-16T21:15:56 IST" name="setup" finished-at="2025-09-16T21:15:59 IST" duration-ms="2543" status="PASS">
          <reporter-output>
          </reporter-output>
        </test-method> <!-- setup -->
        <test-method signature="verify_account_registration()[pri:0, instance:testCases.TC001_AccountRegistrationTest@5aa9e4eb]" started-at="2025-09-16T21:15:59 IST" name="verify_account_registration" finished-at="2025-09-16T21:16:04 IST" duration-ms="5426" status="PASS">
          <reporter-output>
          </reporter-output>
        </test-method> <!-- verify_account_registration -->
        <test-method is-config="true" signature="tearDown()[pri:0, instance:testCases.TC001_AccountRegistrationTest@5aa9e4eb]" started-at="2025-09-16T21:16:04 IST" name="tearDown" finished-at="2025-09-16T21:16:04 IST" duration-ms="142" status="PASS">
          <reporter-output>
          </reporter-output>
        </test-method> <!-- tearDown -->
      </class> <!-- testCases.TC001_AccountRegistrationTest -->
    </test> <!-- Default test -->
  </suite> <!-- Default suite -->
</testng-results>
